2020-04-29 09:27:17,653 INFO notifyConnectTimeout:200

2020-04-29 09:27:17,654 INFO notifySocketTimeout:8000

2020-04-29 09:27:17,655 INFO isHealthCheck:true

2020-04-29 09:27:17,655 INFO maxHealthCheckFailCount:12

2020-04-29 09:27:17,655 INFO maxContent:10485760

2020-04-29 09:27:19,931 INFO Schema 'NACOS' already exists.

2020-04-29 09:27:20,194 INFO Table/View 'CONFIG_INFO' already exists in Schema 'NACOS'.

2020-04-29 09:27:20,417 INFO Table/View 'HIS_CONFIG_INFO' already exists in Schema 'NACOS'.

2020-04-29 09:27:20,540 INFO Table/View 'CONFIG_INFO_BETA' already exists in Schema 'NACOS'.

2020-04-29 09:27:20,646 INFO Table/View 'CONFIG_INFO_TAG' already exists in Schema 'NACOS'.

2020-04-29 09:27:20,757 INFO Table/View 'CONFIG_INFO_AGGR' already exists in Schema 'NACOS'.

2020-04-29 09:27:20,868 INFO Table/View 'APP_LIST' already exists in Schema 'NACOS'.

2020-04-29 09:27:20,969 INFO Table/View 'APP_CONFIGDATA_RELATION_SUBS' already exists in Schema 'NACOS'.

2020-04-29 09:27:21,070 INFO Table/View 'APP_CONFIGDATA_RELATION_PUBS' already exists in Schema 'NACOS'.

2020-04-29 09:27:21,172 INFO Table/View 'CONFIG_TAGS_RELATION' already exists in Schema 'NACOS'.

2020-04-29 09:27:21,279 INFO Table/View 'GROUP_CAPACITY' already exists in Schema 'NACOS'.

2020-04-29 09:27:21,380 INFO Table/View 'TENANT_CAPACITY' already exists in Schema 'NACOS'.

2020-04-29 09:27:21,469 INFO Table/View 'TENANT_INFO' already exists in Schema 'NACOS'.

2020-04-29 09:27:21,592 INFO Table/View 'USERS' already exists in Schema 'NACOS'.

2020-04-29 09:27:21,679 INFO Table/View 'ROLES' already exists in Schema 'NACOS'.

2020-04-29 09:27:21,804 INFO The statement was aborted because it would have caused a duplicate key value in a unique or primary key constraint or unique index identified by 'SQL200425155142240' defined on 'USERS'.

2020-04-29 09:27:21,944 WARN DumpService start

2020-04-29 09:27:21,950 INFO start clear all config-info.

2020-04-29 09:27:21,995 WARN clear all config-info failed.

2020-04-29 09:27:21,996 WARN clear all config-info-tenant failed.

2020-04-29 09:27:22,125 INFO start clear all config-info-beta.

2020-04-29 09:27:22,126 WARN clear all config-info-beta failed.

2020-04-29 09:27:22,126 WARN clear all config-info-beta-tenant failed.

2020-04-29 09:27:22,184 INFO start clear all config-info-tag.

2020-04-29 09:27:22,184 WARN clear all config-info-tag failed.

2020-04-29 09:27:22,185 WARN clear all config-info-tag-tenant failed.

2020-04-29 09:27:24,598 INFO ServerListService address-server port:8848

2020-04-29 09:27:24,598 INFO ADDRESS_SERVER_URL:http://jmenv.tbsite.net:8080/nacos/serverlist

2020-04-29 09:27:24,599 WARN [serverlist] updated to [192.168.72.76]

