2020-04-29 09:27:54,963 INFO PERFORMANCE:|0|0|-1|-1

2020-04-29 09:32:54,967 INFO PERFORMANCE:|1|1|-1|-1

2020-04-29 09:37:54,969 INFO PERFORMANCE:|2|2|-1|-1

2020-04-29 09:42:54,970 INFO PERFORMANCE:|2|2|-1|-1

2020-04-29 09:47:54,971 INFO PERFORMANCE:|2|2|-1|-1

2020-04-29 09:52:54,973 INFO PERFORMANCE:|2|2|-1|-1

2020-04-29 09:57:54,974 INFO PERFORMANCE:|2|2|-1|-1

2020-04-29 10:02:54,976 INFO PERFORMANCE:|2|2|-1|-1

2020-04-29 10:07:54,977 INFO PERFORMANCE:|2|1|-1|-1

2020-04-29 10:12:54,979 INFO PERFORMANCE:|2|2|-1|-1

2020-04-29 10:17:54,980 INFO PERFORMANCE:|2|2|-1|-1

2020-04-29 10:22:54,983 INFO PERFORMANCE:|2|2|-1|-1

2020-04-29 10:27:54,983 INFO PERFORMANCE:|2|2|-1|-1

2020-04-29 10:32:54,985 INFO PERFORMANCE:|2|2|-1|-1

2020-04-29 10:37:54,985 INFO PERFORMANCE:|2|2|-1|-1

2020-04-29 10:42:54,987 INFO PERFORMANCE:|2|2|-1|-1

2020-04-29 10:47:54,988 INFO PERFORMANCE:|2|2|-1|-1

2020-04-29 10:52:54,989 INFO PERFORMANCE:|2|1|-1|-1

2020-04-29 10:57:54,990 INFO PERFORMANCE:|2|2|-1|-1

2020-04-29 11:02:54,991 INFO PERFORMANCE:|2|2|-1|-1

2020-04-29 11:07:54,993 INFO PERFORMANCE:|2|2|-1|-1

2020-04-29 11:12:54,993 INFO PERFORMANCE:|2|2|-1|-1

2020-04-29 11:17:54,995 INFO PERFORMANCE:|2|2|-1|-1

2020-04-29 11:22:54,996 INFO PERFORMANCE:|2|2|-1|-1

2020-04-29 11:27:54,998 INFO PERFORMANCE:|2|2|-1|-1

2020-04-29 11:32:54,999 INFO PERFORMANCE:|2|2|-1|-1

2020-04-29 11:37:55,001 INFO PERFORMANCE:|2|2|-1|-1

2020-04-29 11:42:55,002 INFO PERFORMANCE:|2|2|-1|-1

2020-04-29 11:47:55,003 INFO PERFORMANCE:|3|3|-1|-1

2020-04-29 11:52:55,004 INFO PERFORMANCE:|3|3|-1|-1

2020-04-29 11:57:55,006 INFO PERFORMANCE:|3|3|-1|-1

2020-04-29 12:02:55,007 INFO PERFORMANCE:|3|3|-1|-1

2020-04-29 12:07:55,009 INFO PERFORMANCE:|3|3|-1|-1

2020-04-29 12:12:55,009 INFO PERFORMANCE:|3|3|-1|-1

2020-04-29 12:17:55,011 INFO PERFORMANCE:|3|3|-1|-1

2020-04-29 12:22:55,012 INFO PERFORMANCE:|3|3|-1|-1

2020-04-29 12:27:55,013 INFO PERFORMANCE:|3|3|-1|-1

2020-04-29 12:32:55,015 INFO PERFORMANCE:|3|3|-1|-1

2020-04-29 12:37:55,016 INFO PERFORMANCE:|3|3|-1|-1

2020-04-29 12:42:55,018 INFO PERFORMANCE:|3|3|-1|-1

2020-04-29 12:47:55,019 INFO PERFORMANCE:|3|3|-1|-1

2020-04-29 12:52:55,021 INFO PERFORMANCE:|3|3|-1|-1

2020-04-29 12:57:55,023 INFO PERFORMANCE:|3|3|-1|-1

2020-04-29 13:02:55,024 INFO PERFORMANCE:|3|3|-1|-1

2020-04-29 13:07:55,026 INFO PERFORMANCE:|3|3|-1|-1

2020-04-29 13:12:55,027 INFO PERFORMANCE:|3|3|-1|-1

2020-04-29 13:17:55,029 INFO PERFORMANCE:|3|3|-1|-1

2020-04-29 13:22:55,030 INFO PERFORMANCE:|3|3|-1|-1

2020-04-29 13:27:55,031 INFO PERFORMANCE:|3|3|-1|-1

2020-04-29 13:32:55,033 INFO PERFORMANCE:|3|3|-1|-1

2020-04-29 13:37:55,034 INFO PERFORMANCE:|3|3|-1|-1

2020-04-29 13:42:55,036 INFO PERFORMANCE:|3|3|-1|-1

2020-04-29 13:47:55,037 INFO PERFORMANCE:|3|3|-1|-1

2020-04-29 13:52:55,038 INFO PERFORMANCE:|3|3|-1|-1

2020-04-29 13:57:55,040 INFO PERFORMANCE:|3|3|-1|-1

2020-04-29 14:02:55,041 INFO PERFORMANCE:|3|3|-1|-1

2020-04-29 14:07:55,044 INFO PERFORMANCE:|3|3|-1|-1

2020-04-29 14:12:55,045 INFO PERFORMANCE:|3|3|-1|-1

2020-04-29 14:17:55,047 INFO PERFORMANCE:|3|3|-1|-1

2020-04-29 14:22:55,048 INFO PERFORMANCE:|3|3|-1|-1

2020-04-29 14:27:55,050 INFO PERFORMANCE:|3|3|-1|-1

2020-04-29 14:32:55,052 INFO PERFORMANCE:|3|3|-1|-1

2020-04-29 14:37:55,054 INFO PERFORMANCE:|3|3|-1|-1

2020-04-29 14:42:55,055 INFO PERFORMANCE:|3|3|-1|-1

